<?xml version="1.0" encoding="UTF-8"?>
<!-- Generated by org.testng.reporters.JUnitReportReporter -->
<testsuite hostname="DarshanaBirari" failures="0" tests="3" name="TestNg.CreatingDependencies" time="1.034" errors="1" timestamp="2024-11-08T16:04:21 IST" skipped="2">
  <testcase classname="TestNg.CreatingDependencies" name="createAccount" time="1.034">
    <error message="Method TestNg.CreatingDependencies.createAccount() didn&#039;t finish within the time-out 1000" type="org.testng.internal.thread.ThreadTimeoutException">
      <![CDATA[org.testng.internal.thread.ThreadTimeoutException: Method TestNg.CreatingDependencies.createAccount() didn't finish within the time-out 1000
at java.base/jdk.internal.jimage.ImageLocation.verify(ImageLocation.java:147)
at java.base/jdk.internal.jimage.BasicImageReader.verifyLocation(BasicImageReader.java:284)
at java.base/jdk.internal.jimage.ImageReader.verifyLocation(ImageReader.java:153)
at java.base/jdk.internal.module.SystemModuleFinders$SystemModuleReader.containsImageLocation(SystemModuleFinders.java:448)
at java.base/jdk.internal.module.SystemModuleFinders$SystemModuleReader.find(SystemModuleFinders.java:457)
at java.base/jdk.internal.loader.BuiltinClassLoader$2.run(BuiltinClassLoader.java:464)
at java.base/jdk.internal.loader.BuiltinClassLoader$2.run(BuiltinClassLoader.java:459)
at java.base/java.security.AccessController.doPrivileged(AccessController.java:571)
at java.base/jdk.internal.loader.BuiltinClassLoader.findMiscResource(BuiltinClassLoader.java:458)
at java.base/jdk.internal.loader.BuiltinClassLoader.findResources(BuiltinClassLoader.java:385)
at java.base/jdk.internal.loader.BootLoader.findResources(BootLoader.java:190)
at java.base/java.lang.ClassLoader.getResources(ClassLoader.java:1481)
at java.base/java.lang.ClassLoader.getResources(ClassLoader.java:1479)
at java.base/java.util.ServiceLoader$LazyClassPathLookupIterator.nextProviderClass(ServiceLoader.java:1203)
at java.base/java.util.ServiceLoader$LazyClassPathLookupIterator.hasNextService(ServiceLoader.java:1228)
at java.base/java.util.ServiceLoader$LazyClassPathLookupIterator.hasNext(ServiceLoader.java:1273)
at java.base/java.util.ServiceLoader$2.hasNext(ServiceLoader.java:1309)
at java.base/java.util.ServiceLoader$3.hasNext(ServiceLoader.java:1393)
at java.base/java.nio.channels.spi.SelectorProvider$Holder.loadProviderAsService(SelectorProvider.java:135)
at java.base/java.nio.channels.spi.SelectorProvider$Holder.lambda$provider$0(SelectorProvider.java:104)
at java.base/java.security.AccessController.doPrivileged(AccessController.java:319)
at java.base/java.nio.channels.spi.SelectorProvider$Holder.provider(SelectorProvider.java:108)
at java.base/java.nio.channels.spi.SelectorProvider$Holder.<clinit>(SelectorProvider.java:96)
at java.base/java.nio.channels.spi.SelectorProvider.provider(SelectorProvider.java:183)
at java.base/java.nio.channels.Selector.open(Selector.java:295)
at java.net.http/jdk.internal.net.http.HttpClientImpl$SelectorManager.<init>(HttpClientImpl.java:1122)
at java.net.http/jdk.internal.net.http.HttpClientImpl.<init>(HttpClientImpl.java:503)
at java.net.http/jdk.internal.net.http.HttpClientImpl.create(HttpClientImpl.java:434)
at java.net.http/jdk.internal.net.http.HttpClientBuilderImpl.build(HttpClientBuilderImpl.java:143)
at org.openqa.selenium.remote.http.jdk.JdkHttpClient.<init>(JdkHttpClient.java:159)
at org.openqa.selenium.remote.http.jdk.JdkHttpClient$Factory.createClient(JdkHttpClient.java:478)
at org.openqa.selenium.remote.HttpCommandExecutor.<init>(HttpCommandExecutor.java:114)
at org.openqa.selenium.remote.HttpCommandExecutor.<init>(HttpCommandExecutor.java:91)
at org.openqa.selenium.remote.service.DriverCommandExecutor.<init>(DriverCommandExecutor.java:87)
at org.openqa.selenium.chromium.ChromiumDriverCommandExecutor.<init>(ChromiumDriverCommandExecutor.java:44)
at org.openqa.selenium.chrome.ChromeDriver$ChromeDriverCommandExecutor.<init>(ChromeDriver.java:114)
at org.openqa.selenium.chrome.ChromeDriver.generateExecutor(ChromeDriver.java:104)
at org.openqa.selenium.chrome.ChromeDriver.<init>(ChromeDriver.java:89)
at org.openqa.selenium.chrome.ChromeDriver.<init>(ChromeDriver.java:84)
at org.openqa.selenium.chrome.ChromeDriver.<init>(ChromeDriver.java:52)
at TestNg.CreatingDependencies.createAccount(CreatingDependencies.java:13)
at java.base/jdk.internal.reflect.DirectMethodHandleAccessor.invoke(DirectMethodHandleAccessor.java:103)
at java.base/java.lang.reflect.Method.invoke(Method.java:580)
at org.testng.internal.invokers.MethodInvocationHelper.invokeMethod(MethodInvocationHelper.java:141)
at org.testng.internal.invokers.InvokeMethodRunnable.runOne(InvokeMethodRunnable.java:47)
at org.testng.internal.invokers.InvokeMethodRunnable.call(InvokeMethodRunnable.java:76)
at org.testng.internal.invokers.InvokeMethodRunnable.call(InvokeMethodRunnable.java:11)
at java.base/java.util.concurrent.FutureTask.run(FutureTask.java:317)
at java.base/java.util.concurrent.ThreadPoolExecutor.runWorker(ThreadPoolExecutor.java:1144)
at java.base/java.util.concurrent.ThreadPoolExecutor$Worker.run(ThreadPoolExecutor.java:642)
at java.base/java.lang.Thread.run(Thread.java:1583)
]]>
    </error>
  </testcase> <!-- createAccount -->
  <testcase classname="TestNg.CreatingDependencies" name="deleteAccount" time="0.000">
    <skipped/>
  </testcase> <!-- deleteAccount -->
  <testcase classname="TestNg.CreatingDependencies" name="modifyAccount" time="0.000">
    <skipped/>
  </testcase> <!-- modifyAccount -->
</testsuite> <!-- TestNg.CreatingDependencies -->
